{"name":"STP-PROJECT","hostname":"sev_user-PC","pid":15052,"level":30,"msg":"Connected to MongoDB database","time":"2018-01-02T09:37:01.318Z","v":0}
{"name":"STP-PROJECT","hostname":"sev_user-PC","pid":15052,"level":50,"msg":"Error","time":"2018-01-02T09:37:01.468Z","v":0}
{"name":"STP-PROJECT","hostname":"sev_user-PC","pid":15052,"level":30,"msg":"close server with ctrl+c ","time":"2018-01-02T09:37:04.698Z","v":0}
{"name":"STP-PROJECT","hostname":"sev_user-PC","pid":12024,"level":30,"msg":"Connected to MongoDB database","time":"2018-01-02T09:39:03.450Z","v":0}
{"name":"STP-PROJECT","hostname":"sev_user-PC","pid":12024,"level":50,"msg":"Error","time":"2018-01-02T09:39:03.590Z","v":0}
{"name":"STP-PROJECT","hostname":"sev_user-PC","pid":12024,"level":30,"msg":"close server with ctrl+c ","time":"2018-01-02T09:39:13.262Z","v":0}
{"name":"STP-PROJECT","hostname":"sev_user-PC","pid":14896,"level":30,"msg":"Connected to MongoDB database","time":"2018-01-02T09:39:14.971Z","v":0}
{"name":"STP-PROJECT","hostname":"sev_user-PC","pid":14896,"level":50,"msg":"Error","time":"2018-01-02T09:39:15.124Z","v":0}
{"name":"STP-PROJECT","hostname":"sev_user-PC","pid":14896,"level":30,"msg":"close server with ctrl+c ","time":"2018-01-02T09:39:19.726Z","v":0}
{"name":"STP-PROJECT","hostname":"sev_user-PC","pid":14524,"level":30,"msg":"Connected to MongoDB database","time":"2018-01-02T09:39:42.421Z","v":0}
{"name":"STP-PROJECT","hostname":"sev_user-PC","pid":14524,"level":50,"msg":"Error","time":"2018-01-02T09:39:42.571Z","v":0}
{"name":"STP-PROJECT","hostname":"sev_user-PC","pid":14524,"level":30,"msg":"close server with ctrl+c ","time":"2018-01-02T09:39:44.669Z","v":0}
{"name":"STP-PROJECT","hostname":"sev_user-PC","pid":11728,"level":30,"msg":"Connected to MongoDB database","time":"2018-01-02T09:44:23.619Z","v":0}
{"name":"STP-PROJECT","hostname":"sev_user-PC","pid":11728,"level":50,"msg":"Error","time":"2018-01-02T09:44:23.762Z","v":0}
{"name":"STP-PROJECT","hostname":"sev_user-PC","pid":11728,"level":50,"msg":"TypeError: mongodb.connect is not a function\n    at Object.<anonymous> (D:\\project\\stp\\stp_project-long.ph\\server\\controller\\server.js:7:9)\n    at Module._compile (module.js:624:30)\n    at Object.Module._extensions..js (module.js:635:10)\n    at Module.load (module.js:545:32)\n    at tryModuleLoad (module.js:508:12)\n    at Function.Module._load (module.js:500:3)\n    at Module.require (module.js:568:17)\n    at require (internal/module.js:11:18)\n    at D:\\project\\stp\\stp_project-long.ph\\server\\main.js:27:5\n    at <anonymous>\n    at process._tickCallback (internal/process/next_tick.js:188:7)\n    at Function.Module.runMain (module.js:667:11)\n    at startup (bootstrap_node.js:187:16)\n    at bootstrap_node.js:607:3","time":"2018-01-02T09:44:23.762Z","v":0}
{"name":"STP-PROJECT","hostname":"sev_user-PC","pid":11728,"level":30,"msg":"close server with ctrl+c ","time":"2018-01-02T09:45:21.535Z","v":0}
{"name":"STP-PROJECT","hostname":"sev_user-PC","pid":15280,"level":30,"msg":"Connected to MongoDB database","time":"2018-01-02T09:45:23.429Z","v":0}
{"name":"STP-PROJECT","hostname":"sev_user-PC","pid":15280,"level":30,"msg":"close server with ctrl+c ","time":"2018-01-02T09:45:26.030Z","v":0}
{"name":"STP-PROJECT","hostname":"sev_user-PC","pid":13512,"level":30,"msg":"Connected to MongoDB database","time":"2018-01-02T09:53:05.007Z","v":0}
{"name":"STP-PROJECT","hostname":"sev_user-PC","pid":13512,"level":50,"msg":"Error","time":"2018-01-02T09:53:05.202Z","v":0}
{"name":"STP-PROJECT","hostname":"sev_user-PC","pid":13512,"level":50,"msg":"TypeError: Cannot read property 'use' of null\n    at Object.<anonymous> (D:\\project\\stp\\stp_project-long.ph\\server\\controller\\server.js:21:4)\n    at Module._compile (module.js:624:30)\n    at Object.Module._extensions..js (module.js:635:10)\n    at Module.load (module.js:545:32)\n    at tryModuleLoad (module.js:508:12)\n    at Function.Module._load (module.js:500:3)\n    at Module.require (module.js:568:17)\n    at require (internal/module.js:11:18)\n    at D:\\project\\stp\\stp_project-long.ph\\server\\main.js:27:5\n    at <anonymous>\n    at process._tickCallback (internal/process/next_tick.js:188:7)\n    at Function.Module.runMain (module.js:667:11)\n    at startup (bootstrap_node.js:187:16)\n    at bootstrap_node.js:607:3","time":"2018-01-02T09:53:05.203Z","v":0}
{"name":"STP-PROJECT","hostname":"sev_user-PC","pid":13512,"level":30,"msg":"close server with ctrl+c ","time":"2018-01-02T09:54:42.126Z","v":0}
{"name":"STP-PROJECT","hostname":"sev_user-PC","pid":14120,"level":30,"msg":"Connected to MongoDB database","time":"2018-01-02T09:54:43.771Z","v":0}
{"name":"STP-PROJECT","hostname":"sev_user-PC","pid":14120,"level":30,"msg":"close server with ctrl+c ","time":"2018-01-02T09:54:47.341Z","v":0}
{"name":"STP-PROJECT","hostname":"sev_user-PC","pid":6552,"level":30,"msg":"Connected to MongoDB database","time":"2018-01-02T09:55:22.375Z","v":0}
{"name":"STP-PROJECT","hostname":"sev_user-PC","pid":6552,"level":30,"msg":"close server with ctrl+c ","time":"2018-01-02T09:55:25.855Z","v":0}
{"name":"STP-PROJECT","hostname":"sev_user-PC","pid":15076,"level":30,"msg":"Connected to MongoDB database","time":"2018-01-02T09:56:03.357Z","v":0}
{"name":"STP-PROJECT","hostname":"sev_user-PC","pid":15076,"level":30,"msg":"close server with ctrl+c ","time":"2018-01-02T09:56:04.527Z","v":0}
{"name":"STP-PROJECT","hostname":"sev_user-PC","pid":14644,"level":30,"msg":"Connected to MongoDB database","time":"2018-01-02T09:56:26.396Z","v":0}
{"name":"STP-PROJECT","hostname":"sev_user-PC","pid":14644,"level":30,"msg":"close server with ctrl+c ","time":"2018-01-02T09:59:02.249Z","v":0}
{"name":"STP-PROJECT","hostname":"sev_user-PC","pid":15204,"level":30,"msg":"Connected to MongoDB database","time":"2018-01-02T09:59:04.273Z","v":0}
{"name":"STP-PROJECT","hostname":"sev_user-PC","pid":15204,"level":30,"msg":"close server with ctrl+c ","time":"2018-01-02T09:59:06.457Z","v":0}
{"name":"STP-PROJECT","hostname":"sev_user-PC","pid":5164,"level":30,"msg":"Connected to MongoDB database","time":"2018-01-02T10:02:48.465Z","v":0}
{"name":"STP-PROJECT","hostname":"sev_user-PC","pid":5164,"level":50,"msg":"Error","time":"2018-01-02T10:02:48.616Z","v":0}
{"name":"STP-PROJECT","hostname":"sev_user-PC","pid":5164,"level":50,"msg":"TypeError: Router.use() requires a middleware function but got a Object\n    at Function.use (D:\\project\\stp\\stp_project-long.ph\\server\\node_modules\\express\\lib\\router\\index.js:458:13)\n    at Function.<anonymous> (D:\\project\\stp\\stp_project-long.ph\\server\\node_modules\\express\\lib\\application.js:220:21)\n    at Array.forEach (<anonymous>)\n    at Function.use (D:\\project\\stp\\stp_project-long.ph\\server\\node_modules\\express\\lib\\application.js:217:7)\n    at Object.<anonymous> (D:\\project\\stp\\stp_project-long.ph\\server\\controller\\server.js:7:5)\n    at Module._compile (module.js:624:30)\n    at Object.Module._extensions..js (module.js:635:10)\n    at Module.load (module.js:545:32)\n    at tryModuleLoad (module.js:508:12)\n    at Function.Module._load (module.js:500:3)\n    at Module.require (module.js:568:17)\n    at require (internal/module.js:11:18)\n    at D:\\project\\stp\\stp_project-long.ph\\server\\main.js:27:18\n    at <anonymous>\n    at process._tickCallback (internal/process/next_tick.js:188:7)\n    at Function.Module.runMain (module.js:667:11)","time":"2018-01-02T10:02:48.616Z","v":0}
{"name":"STP-PROJECT","hostname":"sev_user-PC","pid":5164,"level":30,"msg":"close server with ctrl+c ","time":"2018-01-02T10:03:06.819Z","v":0}
{"name":"STP-PROJECT","hostname":"sev_user-PC","pid":6448,"level":30,"msg":"Connected to MongoDB database","time":"2018-01-02T10:03:08.699Z","v":0}
{"name":"STP-PROJECT","hostname":"sev_user-PC","pid":6448,"level":30,"msg":"close server with ctrl+c ","time":"2018-01-02T10:03:09.658Z","v":0}
{"name":"STP-PROJECT","hostname":"sev_user-PC","pid":13136,"level":30,"msg":"Connected to MongoDB database","time":"2018-01-02T10:03:14.607Z","v":0}
{"name":"STP-PROJECT","hostname":"sev_user-PC","pid":13136,"level":30,"msg":"close server with ctrl+c ","time":"2018-01-02T10:03:16.251Z","v":0}
{"name":"STP-PROJECT","hostname":"sev_user-PC","pid":11524,"level":30,"msg":"Connected to MongoDB database","time":"2018-01-02T10:04:29.767Z","v":0}
{"name":"STP-PROJECT","hostname":"sev_user-PC","pid":11524,"level":50,"msg":"Error","time":"2018-01-02T10:04:29.918Z","v":0}
{"name":"STP-PROJECT","hostname":"sev_user-PC","pid":11524,"level":50,"msg":"TypeError: Router.use() requires a middleware function but got a Object\n    at Function.use (D:\\project\\stp\\stp_project-long.ph\\server\\node_modules\\express\\lib\\router\\index.js:458:13)\n    at Function.<anonymous> (D:\\project\\stp\\stp_project-long.ph\\server\\node_modules\\express\\lib\\application.js:220:21)\n    at Array.forEach (<anonymous>)\n    at Function.use (D:\\project\\stp\\stp_project-long.ph\\server\\node_modules\\express\\lib\\application.js:217:7)\n    at Object.<anonymous> (D:\\project\\stp\\stp_project-long.ph\\server\\controller\\server.js:7:5)\n    at Module._compile (module.js:624:30)\n    at Object.Module._extensions..js (module.js:635:10)\n    at Module.load (module.js:545:32)\n    at tryModuleLoad (module.js:508:12)\n    at Function.Module._load (module.js:500:3)\n    at Module.require (module.js:568:17)\n    at require (internal/module.js:11:18)\n    at D:\\project\\stp\\stp_project-long.ph\\server\\main.js:27:18\n    at <anonymous>\n    at process._tickCallback (internal/process/next_tick.js:188:7)\n    at Function.Module.runMain (module.js:667:11)","time":"2018-01-02T10:04:29.919Z","v":0}
{"name":"STP-PROJECT","hostname":"sev_user-PC","pid":11524,"level":30,"msg":"close server with ctrl+c ","time":"2018-01-02T10:04:31.062Z","v":0}
{"name":"STP-PROJECT","hostname":"sev_user-PC","pid":14700,"level":30,"msg":"Connected to MongoDB database","time":"2018-01-02T10:05:16.553Z","v":0}
{"name":"STP-PROJECT","hostname":"sev_user-PC","pid":14700,"level":30,"msg":"close server with ctrl+c ","time":"2018-01-02T10:05:44.628Z","v":0}
{"name":"STP-PROJECT","hostname":"sev_user-PC","pid":14496,"level":30,"msg":"Connected to MongoDB database","time":"2018-01-02T10:05:47.413Z","v":0}
{"name":"STP-PROJECT","hostname":"sev_user-PC","pid":14496,"level":30,"msg":"close server with ctrl+c ","time":"2018-01-02T10:05:59.587Z","v":0}
{"name":"STP-PROJECT","hostname":"sev_user-PC","pid":12064,"level":30,"msg":"Connected to MongoDB database","time":"2018-01-02T10:06:16.646Z","v":0}
{"name":"STP-PROJECT","hostname":"sev_user-PC","pid":12064,"level":30,"msg":"close server with ctrl+c ","time":"2018-01-02T10:06:23.130Z","v":0}
{"name":"STP-PROJECT","hostname":"DESKTOP-KVK29ME","pid":4596,"level":30,"msg":"Connected to MongoDB database","time":"2018-01-02T14:42:13.698Z","v":0}
